<?xml version="1.0" encoding="UTF-8"?>
<!-- Generated by org.testng.reporters.JUnitReportReporter -->
<testsuite hostname="Shashikala-PC" name="com.saphire.test.regression.TestLoginSC_01" tests="2" failures="0" timestamp="26 May 2016 12:35:09 GMT" time="38.269" errors="0">
  <testcase name="testLoginSuccessTC_01" time="23.330" classname="com.saphire.test.regression.TestLoginSC_01"/>
  <testcase name="testLoginFailTC_02" time="14.939" classname="com.saphire.test.regression.TestLoginSC_01"/>
</testsuite> <!-- com.saphire.test.regression.TestLoginSC_01 -->
