<?xml version="1.0" encoding="UTF-8"?>
<!-- Generated by org.testng.reporters.JUnitReportReporter -->
<testsuite hostname="Shashikala-PC" name="com.saphire.UI.TestTemp" tests="1" failures="0" timestamp="3 Jun 2016 16:10:46 GMT" time="36.876" errors="0">
  <testcase name="test1" time="36.876" classname="com.saphire.UI.TestTemp"/>
</testsuite> <!-- com.saphire.UI.TestTemp -->
